<?xml version="1.0" encoding="UTF-8"?>
<robot generator="Robot 7.1.1 (Python 3.13.0 on win32)" generated="2024-12-04T10:24:59.014970" rpa="false" schemaversion="5">
<suite id="s1" name="Home" source="C:\QAx\projects\walkdog\home.robot">
<test id="s1-t1" name="Testes para Webapp" line="7">
<kw name="Open Browser" owner="SeleniumLibrary">
<msg time="2024-12-04T10:24:59.223180" level="INFO">Opening browser 'chrome' to base url 'http://walkdog.vercel.app'.</msg>
<arg>http://walkdog.vercel.app</arg>
<arg>chrome</arg>
<doc>Opens a new browser instance to the optional ``url``.</doc>
<status status="PASS" start="2024-12-04T10:24:59.222959" elapsed="1.936658"/>
</kw>
<kw name="Title Should Be" owner="SeleniumLibrary">
<msg time="2024-12-04T10:25:01.163661" level="INFO">Page title is 'Walkdog by Papito'.</msg>
<arg>Walkdog by Papito</arg>
<doc>Verifies that the current page title equals ``title``.</doc>
<status status="PASS" start="2024-12-04T10:25:01.160016" elapsed="0.003726"/>
</kw>
<kw name="Page Should Contain" owner="SeleniumLibrary">
<msg time="2024-12-04T10:25:01.175381" level="INFO">Current page contains text 'Cuidado e diversão em cada passo'.</msg>
<arg>Cuidado e diversão em cada passo</arg>
<doc>Verifies that current page contains ``text``.</doc>
<status status="PASS" start="2024-12-04T10:25:01.163949" elapsed="0.011522"/>
</kw>
<kw name="Sleep" owner="BuiltIn">
<msg time="2024-12-04T10:25:06.176056" level="INFO">Slept 5 seconds.</msg>
<arg>5</arg>
<doc>Pauses the test executed for the given time.</doc>
<status status="PASS" start="2024-12-04T10:25:01.175790" elapsed="5.000364"/>
</kw>
<kw name="Close Browser" owner="SeleniumLibrary">
<doc>Closes the current browser.</doc>
<status status="PASS" start="2024-12-04T10:25:06.176405" elapsed="2.149279"/>
</kw>
<doc>Este teste abre o site example.com e verifica o conteúdo da página.</doc>
<status status="PASS" start="2024-12-04T10:24:59.221868" elapsed="9.104120"/>
</test>
<doc>Suite de testes da página principal</doc>
<status status="PASS" start="2024-12-04T10:24:59.016111" elapsed="9.310461"/>
</suite>
<statistics>
<total>
<stat pass="1" fail="0" skip="0">All Tests</stat>
</total>
<tag>
</tag>
<suite>
<stat pass="1" fail="0" skip="0" id="s1" name="Home">Home</stat>
</suite>
</statistics>
<errors>
</errors>
</robot>
